<?xml version="1.0" encoding="UTF-8"?>
<!-- Generated by org.testng.reporters.JUnitReportReporter -->
<testsuite hostname="Ashwini" name="com.ebay.Testcases.Search" tests="1" failures="0" timestamp="5 Sep 2018 08:07:56 GMT" time="36.652" errors="0">
  <testcase name="search" time="36.652" classname="com.ebay.Testcases.Search"/>
</testsuite> <!-- com.ebay.Testcases.Search -->
