<?xml version="1.0" encoding="UTF-8"?>
<!-- Generated by org.testng.reporters.JUnitReportReporter -->
<testsuite hostname="Ashwini" name="com.ebay.Testcases.Categories" tests="1" failures="0" timestamp="7 Sep 2018 11:42:10 GMT" time="98.293" errors="0">
  <testcase name="verifyCategories" time="98.293" classname="com.ebay.Testcases.Categories"/>
</testsuite> <!-- com.ebay.Testcases.Categories -->
