<?xml version="1.0" encoding="UTF-8"?>
<!-- Generated by org.testng.reporters.JUnitReportReporter -->
<testsuite hostname="Ashwini" name="com.ebay.Testcases.Login" tests="1" failures="0" timestamp="7 Sep 2018 11:42:10 GMT" time="81.605" errors="0">
  <testcase name="SignInVerification" time="81.605" classname="com.ebay.Testcases.Login"/>
</testsuite> <!-- com.ebay.Testcases.Login -->
