<?xml version="1.0" encoding="UTF-8"?>
<!-- Generated by org.testng.reporters.JUnitReportReporter -->
<testsuite hostname="Ashwini" name="com.ebay.Testcases.Categories" tests="1" failures="0" timestamp="12 Sep 2018 20:53:53 GMT" time="107.332" errors="0">
  <testcase name="verifyCategories" time="107.332" classname="com.ebay.Testcases.Categories"/>
</testsuite> <!-- com.ebay.Testcases.Categories -->
