<?xml version="1.0" encoding="UTF-8"?>
<!-- Generated by org.testng.reporters.JUnitReportReporter -->
<testsuite hostname="Ashwini" name="com.ebay.Testcases.Categories" tests="1" failures="0" timestamp="13 Sep 2018 01:40:47 GMT" time="106.131" errors="0">
  <testcase name="verifyCategories" time="106.131" classname="com.ebay.Testcases.Categories"/>
</testsuite> <!-- com.ebay.Testcases.Categories -->
