<?xml version="1.0" encoding="UTF-8"?>
<!-- Generated by org.testng.reporters.JUnitReportReporter -->
<testsuite hostname="Ashwini" name="com.ebay.Testcases.Categories" tests="1" failures="0" timestamp="5 Sep 2018 08:07:56 GMT" time="94.886" errors="0">
  <testcase name="verifyCategories" time="94.886" classname="com.ebay.Testcases.Categories"/>
</testsuite> <!-- com.ebay.Testcases.Categories -->
