<?xml version="1.0" encoding="UTF-8"?>
<!-- Generated by org.testng.reporters.JUnitReportReporter -->
<testsuite hostname="Ashwini" name="com.ebay.Testcases.Search" tests="1" failures="0" timestamp="12 Sep 2018 20:53:53 GMT" time="72.949" errors="0">
  <testcase name="search" time="72.949" classname="com.ebay.Testcases.Search"/>
</testsuite> <!-- com.ebay.Testcases.Search -->
