<?xml version="1.0" encoding="UTF-8"?>
<!-- Generated by org.testng.reporters.JUnitReportReporter -->
<testsuite hostname="Ashwini" name="com.ebay.Testcases.Login" tests="1" failures="0" timestamp="12 Sep 2018 20:53:53 GMT" time="98.545" errors="0">
  <testcase name="SignInVerification" time="98.545" classname="com.ebay.Testcases.Login"/>
</testsuite> <!-- com.ebay.Testcases.Login -->
