<?xml version="1.0" encoding="UTF-8"?>
<!-- Generated by org.testng.reporters.JUnitReportReporter -->
<testsuite hostname="Ashwini" name="com.ebay.Testcases.Login" tests="1" failures="0" timestamp="5 Sep 2018 08:07:56 GMT" time="78.520" errors="0">
  <testcase name="SignInVerification" time="78.520" classname="com.ebay.Testcases.Login"/>
</testsuite> <!-- com.ebay.Testcases.Login -->
