<?xml version="1.0" encoding="UTF-8"?>
<!-- Generated by org.testng.reporters.JUnitReportReporter -->
<testsuite hostname="Ashwini" name="com.ebay.Testcases.Search" tests="1" failures="0" timestamp="12 Sep 2018 19:23:18 GMT" time="83.889" errors="0">
  <testcase name="search" time="83.889" classname="com.ebay.Testcases.Search"/>
</testsuite> <!-- com.ebay.Testcases.Search -->
